The system is: Darwin - 12.4.0 - i386
Compiling the C compiler identification source file "CMakeCCompilerId.c" succeeded.
Compiler: /usr/bin/cc 
Build flags: 
Id flags: 

The output was:
0


Compilation of the C compiler identification source "CMakeCCompilerId.c" produced "a.out"

The C compiler identification is Clang, found in "/Users/zx/Documents/algo/Topcoder/Lottery/BUILD/CMakeFiles/2.8.10.2/CompilerIdC/a.out"

Compiling the CXX compiler identification source file "CMakeCXXCompilerId.cpp" succeeded.
Compiler: /usr/bin/c++ 
Build flags: 
Id flags: 

The output was:
0


Compilation of the CXX compiler identification source "CMakeCXXCompilerId.cpp" produced "a.out"

The CXX compiler identification is Clang, found in "/Users/zx/Documents/algo/Topcoder/Lottery/BUILD/CMakeFiles/2.8.10.2/CompilerIdCXX/a.out"

Determining if the C compiler works passed with the following output:
Change Dir: /Users/zx/Documents/algo/Topcoder/Lottery/BUILD/CMakeFiles/CMakeTmp

Run Build Command:/usr/bin/make "cmTryCompileExec2077613513/fast"
/usr/bin/make -f CMakeFiles/cmTryCompileExec2077613513.dir/build.make CMakeFiles/cmTryCompileExec2077613513.dir/build
/usr/local/Cellar/cmake/2.8.10.2/bin/cmake -E cmake_progress_report /Users/zx/Documents/algo/Topcoder/Lottery/BUILD/CMakeFiles/CMakeTmp/CMakeFiles 1
Building C object CMakeFiles/cmTryCompileExec2077613513.dir/testCCompiler.c.o
/usr/bin/cc    -o CMakeFiles/cmTryCompileExec2077613513.dir/testCCompiler.c.o   -c /Users/zx/Documents/algo/Topcoder/Lottery/BUILD/CMakeFiles/CMakeTmp/testCCompiler.c
Linking C executable cmTryCompileExec2077613513
/usr/local/Cellar/cmake/2.8.10.2/bin/cmake -E cmake_link_script CMakeFiles/cmTryCompileExec2077613513.dir/link.txt --verbose=1
/usr/bin/cc      -Wl,-search_paths_first -Wl,-headerpad_max_install_names   CMakeFiles/cmTryCompileExec2077613513.dir/testCCompiler.c.o  -o cmTryCompileExec2077613513  


Detecting C compiler ABI info compiled with the following output:
Change Dir: /Users/zx/Documents/algo/Topcoder/Lottery/BUILD/CMakeFiles/CMakeTmp

Run Build Command:/usr/bin/make "cmTryCompileExec2825866207/fast"
/usr/bin/make -f CMakeFiles/cmTryCompileExec2825866207.dir/build.make CMakeFiles/cmTryCompileExec2825866207.dir/build
/usr/local/Cellar/cmake/2.8.10.2/bin/cmake -E cmake_progress_report /Users/zx/Documents/algo/Topcoder/Lottery/BUILD/CMakeFiles/CMakeTmp/CMakeFiles 1
Building C object CMakeFiles/cmTryCompileExec2825866207.dir/CMakeCCompilerABI.c.o
/usr/bin/cc    -o CMakeFiles/cmTryCompileExec2825866207.dir/CMakeCCompilerABI.c.o   -c /usr/local/Cellar/cmake/2.8.10.2/share/cmake/Modules/CMakeCCompilerABI.c
Linking C executable cmTryCompileExec2825866207
/usr/local/Cellar/cmake/2.8.10.2/bin/cmake -E cmake_link_script CMakeFiles/cmTryCompileExec2825866207.dir/link.txt --verbose=1
/usr/bin/cc      -Wl,-search_paths_first -Wl,-headerpad_max_install_names -v CMakeFiles/cmTryCompileExec2825866207.dir/CMakeCCompilerABI.c.o  -o cmTryCompileExec2825866207   
Apple LLVM version 4.2 (clang-425.0.28) (based on LLVM 3.2svn)
Target: x86_64-apple-darwin12.4.0
Thread model: posix
 "/usr/bin/ld" -demangle -dynamic -arch x86_64 -macosx_version_min 10.8.0 -o cmTryCompileExec2825866207 -search_paths_first -headerpad_max_install_names CMakeFiles/cmTryCompileExec2825866207.dir/CMakeCCompilerABI.c.o -lSystem /usr/bin/../lib/clang/4.2/lib/darwin/libclang_rt.osx.a


Parsed C implicit link information from above output:
  link line regex: [^( *|.*[/\])(ld|ld|collect2)[^/\]*( |$)]
  ignore line: [Change Dir: /Users/zx/Documents/algo/Topcoder/Lottery/BUILD/CMakeFiles/CMakeTmp]
  ignore line: []
  ignore line: [Run Build Command:/usr/bin/make "cmTryCompileExec2825866207/fast"]
  ignore line: [/usr/bin/make -f CMakeFiles/cmTryCompileExec2825866207.dir/build.make CMakeFiles/cmTryCompileExec2825866207.dir/build]
  ignore line: [/usr/local/Cellar/cmake/2.8.10.2/bin/cmake -E cmake_progress_report /Users/zx/Documents/algo/Topcoder/Lottery/BUILD/CMakeFiles/CMakeTmp/CMakeFiles 1]
  ignore line: [Building C object CMakeFiles/cmTryCompileExec2825866207.dir/CMakeCCompilerABI.c.o]
  ignore line: [/usr/bin/cc    -o CMakeFiles/cmTryCompileExec2825866207.dir/CMakeCCompilerABI.c.o   -c /usr/local/Cellar/cmake/2.8.10.2/share/cmake/Modules/CMakeCCompilerABI.c]
  ignore line: [Linking C executable cmTryCompileExec2825866207]
  ignore line: [/usr/local/Cellar/cmake/2.8.10.2/bin/cmake -E cmake_link_script CMakeFiles/cmTryCompileExec2825866207.dir/link.txt --verbose=1]
  ignore line: [/usr/bin/cc      -Wl,-search_paths_first -Wl,-headerpad_max_install_names -v CMakeFiles/cmTryCompileExec2825866207.dir/CMakeCCompilerABI.c.o  -o cmTryCompileExec2825866207   ]
  ignore line: [Apple LLVM version 4.2 (clang-425.0.28) (based on LLVM 3.2svn)]
  ignore line: [Target: x86_64-apple-darwin12.4.0]
  ignore line: [Thread model: posix]
  link line: [ "/usr/bin/ld" -demangle -dynamic -arch x86_64 -macosx_version_min 10.8.0 -o cmTryCompileExec2825866207 -search_paths_first -headerpad_max_install_names CMakeFiles/cmTryCompileExec2825866207.dir/CMakeCCompilerABI.c.o -lSystem /usr/bin/../lib/clang/4.2/lib/darwin/libclang_rt.osx.a]
    arg [/usr/bin/ld] ==> ignore
    arg [-demangle] ==> ignore
    arg [-dynamic] ==> ignore
    arg [-arch] ==> ignore
    arg [x86_64] ==> ignore
    arg [-macosx_version_min] ==> ignore
    arg [10.8.0] ==> ignore
    arg [-o] ==> ignore
    arg [cmTryCompileExec2825866207] ==> ignore
    arg [-search_paths_first] ==> ignore
    arg [-headerpad_max_install_names] ==> ignore
    arg [CMakeFiles/cmTryCompileExec2825866207.dir/CMakeCCompilerABI.c.o] ==> ignore
    arg [-lSystem] ==> lib [System]
    arg [/usr/bin/../lib/clang/4.2/lib/darwin/libclang_rt.osx.a] ==> lib [/usr/bin/../lib/clang/4.2/lib/darwin/libclang_rt.osx.a]
  remove lib [System]
  implicit libs: [/usr/bin/../lib/clang/4.2/lib/darwin/libclang_rt.osx.a]
  implicit dirs: []


Determining if the CXX compiler works passed with the following output:
Change Dir: /Users/zx/Documents/algo/Topcoder/Lottery/BUILD/CMakeFiles/CMakeTmp

Run Build Command:/usr/bin/make "cmTryCompileExec4113287539/fast"
/usr/bin/make -f CMakeFiles/cmTryCompileExec4113287539.dir/build.make CMakeFiles/cmTryCompileExec4113287539.dir/build
/usr/local/Cellar/cmake/2.8.10.2/bin/cmake -E cmake_progress_report /Users/zx/Documents/algo/Topcoder/Lottery/BUILD/CMakeFiles/CMakeTmp/CMakeFiles 1
Building CXX object CMakeFiles/cmTryCompileExec4113287539.dir/testCXXCompiler.cxx.o
/usr/bin/c++     -o CMakeFiles/cmTryCompileExec4113287539.dir/testCXXCompiler.cxx.o -c /Users/zx/Documents/algo/Topcoder/Lottery/BUILD/CMakeFiles/CMakeTmp/testCXXCompiler.cxx
Linking CXX executable cmTryCompileExec4113287539
/usr/local/Cellar/cmake/2.8.10.2/bin/cmake -E cmake_link_script CMakeFiles/cmTryCompileExec4113287539.dir/link.txt --verbose=1
/usr/bin/c++       -Wl,-search_paths_first -Wl,-headerpad_max_install_names   CMakeFiles/cmTryCompileExec4113287539.dir/testCXXCompiler.cxx.o  -o cmTryCompileExec4113287539  


Detecting CXX compiler ABI info compiled with the following output:
Change Dir: /Users/zx/Documents/algo/Topcoder/Lottery/BUILD/CMakeFiles/CMakeTmp

Run Build Command:/usr/bin/make "cmTryCompileExec1435484997/fast"
/usr/bin/make -f CMakeFiles/cmTryCompileExec1435484997.dir/build.make CMakeFiles/cmTryCompileExec1435484997.dir/build
/usr/local/Cellar/cmake/2.8.10.2/bin/cmake -E cmake_progress_report /Users/zx/Documents/algo/Topcoder/Lottery/BUILD/CMakeFiles/CMakeTmp/CMakeFiles 1
Building CXX object CMakeFiles/cmTryCompileExec1435484997.dir/CMakeCXXCompilerABI.cpp.o
/usr/bin/c++     -o CMakeFiles/cmTryCompileExec1435484997.dir/CMakeCXXCompilerABI.cpp.o -c /usr/local/Cellar/cmake/2.8.10.2/share/cmake/Modules/CMakeCXXCompilerABI.cpp
Linking CXX executable cmTryCompileExec1435484997
/usr/local/Cellar/cmake/2.8.10.2/bin/cmake -E cmake_link_script CMakeFiles/cmTryCompileExec1435484997.dir/link.txt --verbose=1
/usr/bin/c++       -Wl,-search_paths_first -Wl,-headerpad_max_install_names -v CMakeFiles/cmTryCompileExec1435484997.dir/CMakeCXXCompilerABI.cpp.o  -o cmTryCompileExec1435484997   
Apple LLVM version 4.2 (clang-425.0.28) (based on LLVM 3.2svn)
Target: x86_64-apple-darwin12.4.0
Thread model: posix
 "/usr/bin/ld" -demangle -dynamic -arch x86_64 -macosx_version_min 10.8.0 -o cmTryCompileExec1435484997 -search_paths_first -headerpad_max_install_names CMakeFiles/cmTryCompileExec1435484997.dir/CMakeCXXCompilerABI.cpp.o -lstdc++ -lSystem /usr/bin/../lib/clang/4.2/lib/darwin/libclang_rt.osx.a


Parsed CXX implicit link information from above output:
  link line regex: [^( *|.*[/\])(ld|ld|collect2)[^/\]*( |$)]
  ignore line: [Change Dir: /Users/zx/Documents/algo/Topcoder/Lottery/BUILD/CMakeFiles/CMakeTmp]
  ignore line: []
  ignore line: [Run Build Command:/usr/bin/make "cmTryCompileExec1435484997/fast"]
  ignore line: [/usr/bin/make -f CMakeFiles/cmTryCompileExec1435484997.dir/build.make CMakeFiles/cmTryCompileExec1435484997.dir/build]
  ignore line: [/usr/local/Cellar/cmake/2.8.10.2/bin/cmake -E cmake_progress_report /Users/zx/Documents/algo/Topcoder/Lottery/BUILD/CMakeFiles/CMakeTmp/CMakeFiles 1]
  ignore line: [Building CXX object CMakeFiles/cmTryCompileExec1435484997.dir/CMakeCXXCompilerABI.cpp.o]
  ignore line: [/usr/bin/c++     -o CMakeFiles/cmTryCompileExec1435484997.dir/CMakeCXXCompilerABI.cpp.o -c /usr/local/Cellar/cmake/2.8.10.2/share/cmake/Modules/CMakeCXXCompilerABI.cpp]
  ignore line: [Linking CXX executable cmTryCompileExec1435484997]
  ignore line: [/usr/local/Cellar/cmake/2.8.10.2/bin/cmake -E cmake_link_script CMakeFiles/cmTryCompileExec1435484997.dir/link.txt --verbose=1]
  ignore line: [/usr/bin/c++       -Wl,-search_paths_first -Wl,-headerpad_max_install_names -v CMakeFiles/cmTryCompileExec1435484997.dir/CMakeCXXCompilerABI.cpp.o  -o cmTryCompileExec1435484997   ]
  ignore line: [Apple LLVM version 4.2 (clang-425.0.28) (based on LLVM 3.2svn)]
  ignore line: [Target: x86_64-apple-darwin12.4.0]
  ignore line: [Thread model: posix]
  link line: [ "/usr/bin/ld" -demangle -dynamic -arch x86_64 -macosx_version_min 10.8.0 -o cmTryCompileExec1435484997 -search_paths_first -headerpad_max_install_names CMakeFiles/cmTryCompileExec1435484997.dir/CMakeCXXCompilerABI.cpp.o -lstdc++ -lSystem /usr/bin/../lib/clang/4.2/lib/darwin/libclang_rt.osx.a]
    arg [/usr/bin/ld] ==> ignore
    arg [-demangle] ==> ignore
    arg [-dynamic] ==> ignore
    arg [-arch] ==> ignore
    arg [x86_64] ==> ignore
    arg [-macosx_version_min] ==> ignore
    arg [10.8.0] ==> ignore
    arg [-o] ==> ignore
    arg [cmTryCompileExec1435484997] ==> ignore
    arg [-search_paths_first] ==> ignore
    arg [-headerpad_max_install_names] ==> ignore
    arg [CMakeFiles/cmTryCompileExec1435484997.dir/CMakeCXXCompilerABI.cpp.o] ==> ignore
    arg [-lstdc++] ==> lib [stdc++]
    arg [-lSystem] ==> lib [System]
    arg [/usr/bin/../lib/clang/4.2/lib/darwin/libclang_rt.osx.a] ==> lib [/usr/bin/../lib/clang/4.2/lib/darwin/libclang_rt.osx.a]
  remove lib [System]
  implicit libs: [stdc++;/usr/bin/../lib/clang/4.2/lib/darwin/libclang_rt.osx.a]
  implicit dirs: []


